build/app/outputs/mapping/release/seeds.txt
com.farazsapplication.app.MainActivity: MainActivity()
com.farazsapplication.app.MainActivity
...
androidx.lifecycle.Lifecycle$Event: androidx.lifecycle.Lifecycle$Event ON_DESTROY
io.flutter.embedding.engine.FlutterJNI: boolean loadLibraryCalled
io.flutter.embedding.engine.FlutterJNI: void attachToNative(boolean)
io.flutter.embedding.engine.FlutterJNI: java.lang.Long nativeShellHolderId
io.flutter.plugin.platform.SingleViewPresentation: io.flutter.plugin.platform.AccessibilityEventsDelegate accessibilityEventsDelegate
io.flutter.embedding.engine.FlutterJNI: void nativeLoadDartDeferredLibrary(long,int,java.lang.String[])
io.flutter.embedding.engine.systemchannels.PlatformChannel$SystemUiMode: io.flutter.embedding.engine.systemchannels.PlatformChannel$SystemUiMode[] values()
io.flutter.plugin.platform.SingleViewPresentation: android.view.View$OnFocusChangeListener focusChangeListener
io.flutter.embedding.engine.FlutterJNI
io.flutter.embedding.engine.FlutterJNI: void nativeDestroy(long)
io.flutter.plugin.editing.ImeSyncDeferringInsetsCallback: android.view.WindowInsetsAnimation$Callback getAnimationCallback()
io.flutter.plugin.editing.ImeSyncDeferringInsetsCallback: int overlayInsetTypes
io.flutter.embedding.engine.FlutterJNI: void nativeSurfaceWindowChanged(long,android.view.Surface)
io.flutter.embedding.engine.FlutterJNI: java.lang.String observatoryUri
androidx.core.graphics.drawable.IconCompatParcelizer
io.flutter.embedding.engine.mutatorsstack.FlutterMutatorsStack: java.util.List mutators
io.flutter.embedding.engine.FlutterJNI: void dispatchSemanticsAction(int,io.flutter.view.AccessibilityBridge$Action)
io.flutter.plugin.editing.ImeSyncDeferringInsetsCallback$AnimationCallback: ImeSyncDeferringInsetsCallback$AnimationCallback(io.flutter.plugin.editing.ImeSyncDeferringInsetsCallback)
io.flutter.plugins.GeneratedPluginRegistrant: GeneratedPluginRegistrant()
io.flutter.embedding.engine.FlutterJNI: io.flutter.embedding.engine.FlutterJNI$AccessibilityDelegate accessibilityDelegate
io.flutter.embedding.engine.mutatorsstack.FlutterMutatorView: android.graphics.Matrix getPlatformViewMatrix()
io.flutter.view.AccessibilityViewEmbedder: android.util.SparseArray flutterIdToOrigin
androidx.lifecycle.Lifecycle$State: androidx.lifecycle.Lifecycle$State valueOf(java.lang.String)
io.flutter.embedding.engine.FlutterJNI: void setDeferredComponentManager(io.flutter.embedding.engine.deferredcomponents.DeferredComponentManager)
io.flutter.embedding.engine.systemchannels.PlatformChannel$DeviceOrientation: io.flutter.embedding.engine.systemchannels.PlatformChannel$DeviceOrientation[] values()
io.flutter.embedding.engine.renderer.SurfaceTextureWrapper: android.graphics.SurfaceTexture surfaceTexture
io.flutter.embedding.engine.FlutterJNI: void updateSemantics(java.nio.ByteBuffer,java.lang.String[],java.nio.ByteBuffer[])
io.flutter.embedding.engine.FlutterJNI: void dispatchPlatformMessage(java.lang.String,java.nio.ByteBuffer,int,int)
io.flutter.plugin.platform.SingleViewPresentation: android.content.Context outerContext
androidx.lifecycle.Lifecycling$1
io.flutter.plugins.GeneratedPluginRegistrant: void registerWith(io.flutter.embedding.engine.FlutterEngine)
io.flutter.plugin.platform.SingleViewPresentation: io.flutter.plugin.platform.SingleViewPresentation$PresentationState detachState()
androidx.lifecycle.SingleGeneratedAdapterObserver
io.flutter.embedding.engine.FlutterJNI: void nativeSetAccessibilityFeatures(long,int)
io.flutter.embedding.engine.systemchannels.PlatformChannel$SoundType: io.flutter.embedding.engine.systemchannels.PlatformChannel$SoundType valueOf(java.lang.String)
io.flutter.view.AccessibilityViewEmbedder: android.view.View rootAccessibilityView
androidx.activity.ComponentActivity$3
io.flutter.plugin.editing.ImeSyncDeferringInsetsCallback: int access$500(io.flutter.plugin.editing.ImeSyncDeferringInsetsCallback)
androidx.lifecycle.ReflectiveGenericLifecycleObserver
io.flutter.plugin.platform.SingleViewPresentation: android.widget.FrameLayout container