build/app/outputs/mapping/release/usage.txt
com.farazsapplication.app.R$style
com.farazsapplication.app.R$color
com.farazsapplication.app.R$integer
com.farazsapplication.app.R$id
com.farazsapplication.app.R
com.farazsapplication.app.R$dimen
com.farazsapplication.app.BuildConfig
com.farazsapplication.app.R$layout
com.farazsapplication.app.R$styleable
com.farazsapplication.app.R$mipmap
com.farazsapplication.app.R$string
com.farazsapplication.app.R$drawable
com.farazsapplication.app.R$attr
...
com.google.common.collect.ForwardingMap$StandardKeySet
com.google.common.base.MoreObjects:
    public static java.lang.Object firstNonNull(java.lang.Object,java.lang.Object)
    public static com.google.common.base.MoreObjects$ToStringHelper toStringHelper(java.lang.Class)
    public static com.google.common.base.MoreObjects$ToStringHelper toStringHelper(java.lang.String)
    private void <init>()
com.google.common.collect.SortedLists$KeyAbsentBehavior$2
kotlin.jvm.internal.Ref$CharRef
androidx.activity.R$id
com.google.common.collect.SparseImmutableTable
kotlin.collections.AbstractIterator$WhenMappings
kotlin.reflect.KProperty$Getter
org.intellij.lang.annotations.JdkConstants$CalendarMonth
androidx.core.view.MarginLayoutParamsCompat
kotlin.collections.CollectionsKt___CollectionsKt$groupingBy$1
kotlin.jvm.internal.ArrayShortIterator
androidx.fragment.app.FragmentManagerImpl$AnimationOrAnimator
kotlin.sequences.SequencesKt__SequencesKt$flatten$2
kotlin.collections.ArraysKt___ArraysKt$asSequence$$inlined$Sequence$8
kotlin.jvm.Synchronized
androidx.core.text.PrecomputedTextCompat$PrecomputedTextFutureTask
kotlin.UNINITIALIZED_VALUE
io.flutter.app.FlutterPluginRegistry
androidx.core.content.res.FontResourcesParserCompat$ProviderResourceEntry
com.google.common.hash.Hasher
kotlin.sequences.TransformingIndexedSequence$iterator$1
com.google.common.collect.CartesianList$1
com.google.common.collect.Multisets$4
com.google.common.util.concurrent.AbstractIdleService
com.google.common.collect.Maps$EntryFunction$1
kotlin.LazyKt$WhenMappings
com.google.common.collect.ImmutableSortedMultiset$SerializedForm
com.google.common.util.concurrent.ListenableScheduledFuture
com.google.errorprone.annotations.RequiredModifiers
androidx.annotation.IntRange
com.google.common.hash.Murmur3_32HashFunction
com.google.common.cache.CacheStats
com.google.common.cache.LocalCache$WriteQueue$2
com.google.errorprone.annotations.RestrictedApi
androidx.core.text.BidiFormatter$DirectionalityEstimator
io.flutter.plugin.common.MethodChannel:
    public void resizeChannelBuffer(int)
    private static final java.lang.String TAG
com.google.common.collect.MultimapBuilder$HashSetSupplier
org.jetbrains.annotations.TestOnly
kotlin.collections.AbstractMap$keys$1
com.google.common.eventbus.Subscriber
kotlin.jvm.internal.MutablePropertyReference2Impl
com.google.common.util.concurrent.MoreExecutors
com.google.common.util.concurrent.JdkFutureAdapters$ListenableFutureAdapter
com.google.common.collect.Synchronized$SynchronizedRandomAccessList
kotlin.collections.FloatIterator
kotlin.coroutines.intrinsics.IntrinsicsKt__IntrinsicsJvmKt$createCoroutineUnintercepted$$inlined$createCoroutineFromSuspendFunction$IntrinsicsKt__IntrinsicsJvmKt$2
com.google.common.hash.AbstractNonStreamingHashFunction$ExposedByteArrayOutputStream
com.google.common.cache.CacheBuilder$NullListener
kotlin.io.ByteStreamsKt
kotlin.comparisons.UComparisonsKt
kotlin.comparisons.ComparisonsKt___ComparisonsJvmKt
com.google.common.util.concurrent.FuturesGetChecked$GetCheckedTypeValidatorHolder$ClassValueValidator
kotlin.collections.ArraysKt___ArraysKt$withIndex$2
javax.annotation.WillCloseWhenClosed
kotlin.collections.CollectionsKt__IteratorsJVMKt
kotlin.jvm.functions.Function14
kotlin.io.TextStreamsKt$readLines$1
androidx.core.widget.ListViewCompat
com.google.common.io.LittleEndianDataOutputStream
androidx.core.R$dimen
androidx.core.view.ViewCompat$FocusRealDirection
com.google.common.base.FinalizableReferenceQueue$SystemLoader
kotlin.io.LinesSequence$iterator$1
androidx.core.app.JobIntentService$GenericWorkItem
com.google.common.collect.SortedLists$KeyPresentBehavior$5
com.google.common.collect.LinkedHashMultimap$ValueSetLink
androidx.core.provider.SelfDestructiveThread$2$1
com.google.common.collect.TreeMultiset$2
kotlin.comparisons.ComparisonsKt___ComparisonsKt
com.google.j2objc.annotations.WeakOuter
org.intellij.lang.annotations.JdkConstants$TitledBorderTitlePosition